<?xml version="1.0" encoding="UTF-8"?>
<!-- Generated by org.testng.reporters.JUnitXMLReporter -->
<testsuite ignored="0" hostname="LAPTOP-64P9DEGN" failures="0" tests="4" name="Test" time="30.043" errors="0" timestamp="2022-09-11T10:44:21 IST">
  <testcase classname="testcases.HomeTest" name="Test1" time="0.003"/>
  <testcase classname="testcases.SimplilearnLoginTest" name="Test1" time="7.661"/>
  <testcase classname="testcases.SimplilearnLoginTest" name="Test2" time="4.352"/>
  <testcase classname="testcases.SimplilearnLoginTest" name="Test3" time="5.254"/>
</testsuite> <!-- Test -->
