<?xml version="1.0" encoding="UTF-8"?>
<!-- Generated by org.testng.reporters.JUnitXMLReporter -->
<testsuite ignored="0" hostname="LAPTOP-64P9DEGN" failures="0" tests="4" name="Test" time="29.767" errors="0" timestamp="2022-09-27T11:45:44 IST">
  <testcase classname="testcases.HomeTest" name="Test1" time="0.004"/>
  <testcase classname="testcases.SimplilearnLoginTest" name="Test1" time="7.644"/>
  <testcase classname="testcases.SimplilearnLoginTest" name="Test2" time="5.23"/>
  <testcase classname="testcases.SimplilearnLoginTest" name="Test3" time="4.888"/>
</testsuite> <!-- Test -->
