<?xml version="1.0" encoding="UTF-8"?>
<!-- Generated by org.testng.reporters.JUnitXMLReporter -->
<testsuite ignored="0" hostname="LAPTOP-64P9DEGN" failures="0" tests="4" name="Test" time="25.389" errors="0" timestamp="2022-09-29T10:54:53 IST">
  <testcase classname="testcases.HomeTest" name="Test1" time="0.001"/>
  <testcase classname="testcases.SimplilearnLoginTest" name="Test1" time="7.695"/>
  <testcase classname="testcases.SimplilearnLoginTest" name="Test2" time="5.459"/>
  <testcase classname="testcases.SimplilearnLoginTest" name="Test3" time="5.072"/>
</testsuite> <!-- Test -->
