<?xml version="1.0" encoding="UTF-8"?>
<!-- Generated by org.testng.reporters.JUnitXMLReporter -->
<testsuite hostname="LAPTOP-64P9DEGN" ignored="0" name="Test" tests="3" failures="0" timestamp="2022-09-10T12:40:21 IST" time="20.512" errors="0">
  <testcase name="Test1" time="0.004" classname="testcases.HomeTest"/>
  <testcase name="Test1" time="8.245" classname="testcases.SimplilearnLoginTest"/>
  <testcase name="Test2" time="5.931" classname="testcases.SimplilearnLoginTest"/>
</testsuite> <!-- Test -->
