<?xml version="1.0" encoding="UTF-8"?>
<testng-results ignored="0" total="4" passed="4" failed="0" skipped="0">
  <reporter-output>
  </reporter-output>
  <suite started-at="2022-09-29T10:54:27 IST" name="Suite" finished-at="2022-09-29T10:54:53 IST" duration-ms="25389">
    <groups>
    </groups>
    <test started-at="2022-09-29T10:54:27 IST" name="Test" finished-at="2022-09-29T10:54:53 IST" duration-ms="25389">
      <class name="testcases.HomeTest">
        <test-method signature="Test1()[pri:0, instance:testcases.HomeTest@67080771]" started-at="2022-09-29T10:54:28 IST" name="Test1" finished-at="2022-09-29T10:54:28 IST" duration-ms="1" status="PASS">
          <reporter-output>
          </reporter-output>
        </test-method> <!-- Test1 -->
      </class> <!-- testcases.HomeTest -->
      <class name="testcases.SimplilearnLoginTest">
        <test-method is-config="true" signature="DataSetUp()[pri:0, instance:testcases.SimplilearnLoginTest@37654521]" started-at="2022-09-29T10:54:27 IST" name="DataSetUp" finished-at="2022-09-29T10:54:28 IST" duration-ms="561" status="PASS">
          <reporter-output>
          </reporter-output>
        </test-method> <!-- DataSetUp -->
        <test-method is-config="true" signature="SetUp(java.lang.reflect.Method)[pri:0, instance:testcases.SimplilearnLoginTest@37654521]" started-at="2022-09-29T10:54:28 IST" name="SetUp" finished-at="2022-09-29T10:54:30 IST" duration-ms="2167" status="PASS">
          <params>
            <param index="0">
              <value>
                <![CDATA[public void testcases.SimplilearnLoginTest.Test1()]]>
              </value>
            </param>
          </params>
          <reporter-output>
          </reporter-output>
        </test-method> <!-- SetUp -->
        <test-method signature="Test1()[pri:0, instance:testcases.SimplilearnLoginTest@37654521]" started-at="2022-09-29T10:54:30 IST" name="Test1" finished-at="2022-09-29T10:54:38 IST" duration-ms="7695" status="PASS">
          <reporter-output>
          </reporter-output>
        </test-method> <!-- Test1 -->
        <test-method is-config="true" signature="TearDown()[pri:0, instance:testcases.SimplilearnLoginTest@37654521]" started-at="2022-09-29T10:54:38 IST" name="TearDown" finished-at="2022-09-29T10:54:38 IST" duration-ms="78" status="PASS">
          <reporter-output>
          </reporter-output>
        </test-method> <!-- TearDown -->
        <test-method is-config="true" signature="SetUp(java.lang.reflect.Method)[pri:0, instance:testcases.SimplilearnLoginTest@37654521]" started-at="2022-09-29T10:54:38 IST" name="SetUp" finished-at="2022-09-29T10:54:40 IST" duration-ms="1798" status="PASS">
          <params>
            <param index="0">
              <value>
                <![CDATA[public void testcases.SimplilearnLoginTest.Test2(java.lang.String,java.lang.String)]]>
              </value>
            </param>
          </params>
          <reporter-output>
          </reporter-output>
        </test-method> <!-- SetUp -->
        <test-method signature="Test2(java.lang.String,java.lang.String)[pri:0, instance:testcases.SimplilearnLoginTest@37654521]" started-at="2022-09-29T10:54:40 IST" name="Test2" finished-at="2022-09-29T10:54:45 IST" duration-ms="5459" status="PASS">
          <params>
            <param index="0">
              <value>
                <![CDATA[abc@xyz.com]]>
              </value>
            </param>
            <param index="1">
              <value>
                <![CDATA[Abc@1234]]>
              </value>
            </param>
          </params>
          <reporter-output>
          </reporter-output>
        </test-method> <!-- Test2 -->
        <test-method is-config="true" signature="TearDown()[pri:0, instance:testcases.SimplilearnLoginTest@37654521]" started-at="2022-09-29T10:54:45 IST" name="TearDown" finished-at="2022-09-29T10:54:45 IST" duration-ms="99" status="PASS">
          <reporter-output>
          </reporter-output>
        </test-method> <!-- TearDown -->
        <test-method is-config="true" signature="SetUp(java.lang.reflect.Method)[pri:0, instance:testcases.SimplilearnLoginTest@37654521]" started-at="2022-09-29T10:54:45 IST" name="SetUp" finished-at="2022-09-29T10:54:47 IST" duration-ms="1788" status="PASS">
          <params>
            <param index="0">
              <value>
                <![CDATA[public void testcases.SimplilearnLoginTest.Test3()]]>
              </value>
            </param>
          </params>
          <reporter-output>
          </reporter-output>
        </test-method> <!-- SetUp -->
        <test-method signature="Test3()[pri:0, instance:testcases.SimplilearnLoginTest@37654521]" started-at="2022-09-29T10:54:47 IST" name="Test3" finished-at="2022-09-29T10:54:52 IST" duration-ms="5072" status="PASS">
          <reporter-output>
          </reporter-output>
        </test-method> <!-- Test3 -->
        <test-method is-config="true" signature="TearDown()[pri:0, instance:testcases.SimplilearnLoginTest@37654521]" started-at="2022-09-29T10:54:52 IST" name="TearDown" finished-at="2022-09-29T10:54:52 IST" duration-ms="225" status="PASS">
          <reporter-output>
          </reporter-output>
        </test-method> <!-- TearDown -->
        <test-method is-config="true" signature="DataClean()[pri:0, instance:testcases.SimplilearnLoginTest@37654521]" started-at="2022-09-29T10:54:52 IST" name="DataClean" finished-at="2022-09-29T10:54:53 IST" duration-ms="419" status="PASS">
          <reporter-output>
          </reporter-output>
        </test-method> <!-- DataClean -->
      </class> <!-- testcases.SimplilearnLoginTest -->
    </test> <!-- Test -->
  </suite> <!-- Suite -->
</testng-results>
