<?xml version="1.0" encoding="UTF-8"?>
<testng-results skipped="0" failed="0" ignored="0" total="3" passed="3">
  <reporter-output>
  </reporter-output>
  <suite name="Suite" duration-ms="20512" started-at="2022-09-10T12:40:01 IST" finished-at="2022-09-10T12:40:21 IST">
    <groups>
    </groups>
    <test name="Test" duration-ms="20512" started-at="2022-09-10T12:40:01 IST" finished-at="2022-09-10T12:40:21 IST">
      <class name="testcases.HomeTest">
        <test-method status="PASS" signature="Test1()[pri:0, instance:testcases.HomeTest@3cef309d]" name="Test1" duration-ms="4" started-at="2022-09-10T12:40:01 IST" finished-at="2022-09-10T12:40:01 IST">
          <reporter-output>
          </reporter-output>
        </test-method> <!-- Test1 -->
      </class> <!-- testcases.HomeTest -->
      <class name="testcases.SimplilearnLoginTest">
        <test-method status="PASS" signature="SetUp()[pri:0, instance:testcases.SimplilearnLoginTest@6737fd8f]" name="SetUp" is-config="true" duration-ms="3430" started-at="2022-09-10T12:40:01 IST" finished-at="2022-09-10T12:40:04 IST">
          <reporter-output>
          </reporter-output>
        </test-method> <!-- SetUp -->
        <test-method status="PASS" signature="Test1()[pri:0, instance:testcases.SimplilearnLoginTest@6737fd8f]" name="Test1" duration-ms="8245" started-at="2022-09-10T12:40:04 IST" finished-at="2022-09-10T12:40:13 IST">
          <reporter-output>
          </reporter-output>
        </test-method> <!-- Test1 -->
        <test-method status="PASS" signature="TearDown()[pri:0, instance:testcases.SimplilearnLoginTest@6737fd8f]" name="TearDown" is-config="true" duration-ms="309" started-at="2022-09-10T12:40:13 IST" finished-at="2022-09-10T12:40:13 IST">
          <reporter-output>
          </reporter-output>
        </test-method> <!-- TearDown -->
        <test-method status="PASS" signature="SetUp()[pri:0, instance:testcases.SimplilearnLoginTest@6737fd8f]" name="SetUp" is-config="true" duration-ms="2386" started-at="2022-09-10T12:40:13 IST" finished-at="2022-09-10T12:40:15 IST">
          <reporter-output>
          </reporter-output>
        </test-method> <!-- SetUp -->
        <test-method status="PASS" signature="Test2()[pri:0, instance:testcases.SimplilearnLoginTest@6737fd8f]" name="Test2" duration-ms="5931" started-at="2022-09-10T12:40:15 IST" finished-at="2022-09-10T12:40:21 IST">
          <reporter-output>
          </reporter-output>
        </test-method> <!-- Test2 -->
        <test-method status="PASS" signature="TearDown()[pri:0, instance:testcases.SimplilearnLoginTest@6737fd8f]" name="TearDown" is-config="true" duration-ms="173" started-at="2022-09-10T12:40:21 IST" finished-at="2022-09-10T12:40:21 IST">
          <reporter-output>
          </reporter-output>
        </test-method> <!-- TearDown -->
      </class> <!-- testcases.SimplilearnLoginTest -->
    </test> <!-- Test -->
  </suite> <!-- Suite -->
</testng-results>
