<?xml version="1.0" encoding="UTF-8"?>
<testsuite xmlns:xsi="http://www.w3.org/2001/XMLSchema-instance" xsi:noNamespaceSchemaLocation="https://maven.apache.org/surefire/maven-surefire-plugin/xsd/surefire-test-report-3.0.xsd" version="3.0" name="TestSuite" time="21.194" tests="3" errors="0" skipped="0" failures="0">
  <properties>
[...]
</properties>
  <testcase name="Test1" classname="testcases.HomeTest" time="0.003">
    <system-out><![CDATA[Inside Home Test
]]></system-out>
    <system-err><![CDATA[SLF4J: Failed to load class "org.slf4j.impl.StaticLoggerBinder".
SLF4J: Defaulting to no-operation (NOP) logger implementation
SLF4J: See http://www.slf4j.org/codes.html#StaticLoggerBinder for further details.
]]></system-err>
  </testcase>
  <testcase name="Test1" classname="testcases.SimplilearnLoginTest" time="8.306">
    <system-out><![CDATA[Total num of links are 15
https://community.simplilearn.com/
https://community.simplilearn.com/
https://www.google.com/intl/en/chrome/browser/
http://www.mozilla.org/en-US/firefox/new/
http://www.opera.com/computer/windows
http://windows.microsoft.com/en-US/internet-explorer/download-ie
https://play.google.com/store/apps/details?id=com.mobile.simplilearn
https://itunes.apple.com/app/simplilearn/id963042747?ls=1&mt=8
https://accounts.simplilearn.com/user/forgot-password
javascript:void(0);
javascript:void(0);
javascript:void(0);
javascript:void(0);
https://accounts.simplilearn.com/user/register?redirect_url=https://lms.simplilearn.com/
https://www.simplilearn.com/terms-and-conditions#/privacy-policy
]]></system-out>
    <system-err><![CDATA[Starting ChromeDriver 104.0.5112.79 (3cf3e8c8a07d104b9e1260c910efb8f383285dc5-refs/branch-heads/5112@{#1307}) on port 1340
Only local connections are allowed.
Please see https://chromedriver.chromium.org/security-considerations for suggestions on keeping ChromeDriver safe.
ChromeDriver was started successfully.
[1662793803.531][WARNING]: This version of ChromeDriver has not been tested with Chrome version 105.
Sep 10, 2022 12:40:03 PM org.openqa.selenium.remote.ProtocolHandshake createSession
INFO: Detected dialect: W3C
]]></system-err>
  </testcase>
  <testcase name="Test2" classname="testcases.SimplilearnLoginTest" time="5.876">
    <system-err><![CDATA[Starting ChromeDriver 104.0.5112.79 (3cf3e8c8a07d104b9e1260c910efb8f383285dc5-refs/branch-heads/5112@{#1307}) on port 25470
Only local connections are allowed.
Please see https://chromedriver.chromium.org/security-considerations for suggestions on keeping ChromeDriver safe.
ChromeDriver was started successfully.
[1662793814.598][WARNING]: This version of ChromeDriver has not been tested with Chrome version 105.
Sep 10, 2022 12:40:14 PM org.openqa.selenium.remote.ProtocolHandshake createSession
INFO: Detected dialect: W3C
]]></system-err>
  </testcase>
</testsuite>