<?xml version="1.0" encoding="UTF-8"?>
<testng-results ignored="0" total="4" passed="4" failed="0" skipped="0">
  <reporter-output>
  </reporter-output>
  <suite started-at="2022-09-27T11:45:14 IST" name="Suite" finished-at="2022-09-27T11:45:44 IST" duration-ms="29767">
    <groups>
    </groups>
    <test started-at="2022-09-27T11:45:14 IST" name="Test" finished-at="2022-09-27T11:45:44 IST" duration-ms="29767">
      <class name="testcases.HomeTest">
        <test-method signature="Test1()[pri:0, instance:testcases.HomeTest@57d7f8ca]" started-at="2022-09-27T11:45:14 IST" name="Test1" finished-at="2022-09-27T11:45:14 IST" duration-ms="4" status="PASS">
          <reporter-output>
          </reporter-output>
        </test-method> <!-- Test1 -->
      </class> <!-- testcases.HomeTest -->
      <class name="testcases.SimplilearnLoginTest">
        <test-method is-config="true" signature="DataSetUp()[pri:0, instance:testcases.SimplilearnLoginTest@7c24b813]" started-at="2022-09-27T11:45:14 IST" name="DataSetUp" finished-at="2022-09-27T11:45:14 IST" duration-ms="484" status="PASS">
          <reporter-output>
          </reporter-output>
        </test-method> <!-- DataSetUp -->
        <test-method is-config="true" signature="SetUp(java.lang.reflect.Method)[pri:0, instance:testcases.SimplilearnLoginTest@7c24b813]" started-at="2022-09-27T11:45:14 IST" name="SetUp" finished-at="2022-09-27T11:45:18 IST" duration-ms="3269" status="PASS">
          <params>
            <param index="0">
              <value>
                <![CDATA[public void testcases.SimplilearnLoginTest.Test1()]]>
              </value>
            </param>
          </params>
          <reporter-output>
          </reporter-output>
        </test-method> <!-- SetUp -->
        <test-method signature="Test1()[pri:0, instance:testcases.SimplilearnLoginTest@7c24b813]" started-at="2022-09-27T11:45:18 IST" name="Test1" finished-at="2022-09-27T11:45:25 IST" duration-ms="7644" status="PASS">
          <reporter-output>
          </reporter-output>
        </test-method> <!-- Test1 -->
        <test-method is-config="true" signature="TearDown()[pri:0, instance:testcases.SimplilearnLoginTest@7c24b813]" started-at="2022-09-27T11:45:25 IST" name="TearDown" finished-at="2022-09-27T11:45:28 IST" duration-ms="2431" status="PASS">
          <reporter-output>
          </reporter-output>
        </test-method> <!-- TearDown -->
        <test-method is-config="true" signature="SetUp(java.lang.reflect.Method)[pri:0, instance:testcases.SimplilearnLoginTest@7c24b813]" started-at="2022-09-27T11:45:28 IST" name="SetUp" finished-at="2022-09-27T11:45:29 IST" duration-ms="1589" status="PASS">
          <params>
            <param index="0">
              <value>
                <![CDATA[public void testcases.SimplilearnLoginTest.Test2(java.lang.String,java.lang.String)]]>
              </value>
            </param>
          </params>
          <reporter-output>
          </reporter-output>
        </test-method> <!-- SetUp -->
        <test-method signature="Test2(java.lang.String,java.lang.String)[pri:0, instance:testcases.SimplilearnLoginTest@7c24b813]" started-at="2022-09-27T11:45:29 IST" name="Test2" finished-at="2022-09-27T11:45:35 IST" duration-ms="5230" status="PASS">
          <params>
            <param index="0">
              <value>
                <![CDATA[abc@xyz.com]]>
              </value>
            </param>
            <param index="1">
              <value>
                <![CDATA[Abc@1234]]>
              </value>
            </param>
          </params>
          <reporter-output>
          </reporter-output>
        </test-method> <!-- Test2 -->
        <test-method is-config="true" signature="TearDown()[pri:0, instance:testcases.SimplilearnLoginTest@7c24b813]" started-at="2022-09-27T11:45:35 IST" name="TearDown" finished-at="2022-09-27T11:45:37 IST" duration-ms="2416" status="PASS">
          <reporter-output>
          </reporter-output>
        </test-method> <!-- TearDown -->
        <test-method is-config="true" signature="SetUp(java.lang.reflect.Method)[pri:0, instance:testcases.SimplilearnLoginTest@7c24b813]" started-at="2022-09-27T11:45:37 IST" name="SetUp" finished-at="2022-09-27T11:45:39 IST" duration-ms="1502" status="PASS">
          <params>
            <param index="0">
              <value>
                <![CDATA[public void testcases.SimplilearnLoginTest.Test3()]]>
              </value>
            </param>
          </params>
          <reporter-output>
          </reporter-output>
        </test-method> <!-- SetUp -->
        <test-method signature="Test3()[pri:0, instance:testcases.SimplilearnLoginTest@7c24b813]" started-at="2022-09-27T11:45:39 IST" name="Test3" finished-at="2022-09-27T11:45:43 IST" duration-ms="4888" status="PASS">
          <reporter-output>
          </reporter-output>
        </test-method> <!-- Test3 -->
        <test-method is-config="true" signature="TearDown()[pri:0, instance:testcases.SimplilearnLoginTest@7c24b813]" started-at="2022-09-27T11:45:43 IST" name="TearDown" finished-at="2022-09-27T11:45:44 IST" duration-ms="123" status="PASS">
          <reporter-output>
          </reporter-output>
        </test-method> <!-- TearDown -->
        <test-method is-config="true" signature="DataClean()[pri:0, instance:testcases.SimplilearnLoginTest@7c24b813]" started-at="2022-09-27T11:45:44 IST" name="DataClean" finished-at="2022-09-27T11:45:44 IST" duration-ms="155" status="PASS">
          <reporter-output>
          </reporter-output>
        </test-method> <!-- DataClean -->
      </class> <!-- testcases.SimplilearnLoginTest -->
    </test> <!-- Test -->
  </suite> <!-- Suite -->
</testng-results>
