<?xml version="1.0" encoding="UTF-8"?>
<testng-results ignored="0" total="4" passed="4" failed="0" skipped="0">
  <reporter-output>
  </reporter-output>
  <suite started-at="2022-09-11T10:43:51 IST" name="Suite" finished-at="2022-09-11T10:44:21 IST" duration-ms="30043">
    <groups>
    </groups>
    <test started-at="2022-09-11T10:43:51 IST" name="Test" finished-at="2022-09-11T10:44:21 IST" duration-ms="30043">
      <class name="testcases.HomeTest">
        <test-method signature="Test1()[pri:0, instance:testcases.HomeTest@10d307f1]" started-at="2022-09-11T10:43:51 IST" name="Test1" finished-at="2022-09-11T10:43:51 IST" duration-ms="3" status="PASS">
          <reporter-output>
          </reporter-output>
        </test-method> <!-- Test1 -->
      </class> <!-- testcases.HomeTest -->
      <class name="testcases.SimplilearnLoginTest">
        <test-method is-config="true" signature="DataSetUp()[pri:0, instance:testcases.SimplilearnLoginTest@6cd28fa7]" started-at="2022-09-11T10:43:51 IST" name="DataSetUp" finished-at="2022-09-11T10:43:51 IST" duration-ms="440" status="PASS">
          <reporter-output>
          </reporter-output>
        </test-method> <!-- DataSetUp -->
        <test-method is-config="true" signature="SetUp()[pri:0, instance:testcases.SimplilearnLoginTest@6cd28fa7]" started-at="2022-09-11T10:43:51 IST" name="SetUp" finished-at="2022-09-11T10:43:53 IST" duration-ms="1958" status="PASS">
          <reporter-output>
          </reporter-output>
        </test-method> <!-- SetUp -->
        <test-method signature="Test1()[pri:0, instance:testcases.SimplilearnLoginTest@6cd28fa7]" started-at="2022-09-11T10:43:53 IST" name="Test1" finished-at="2022-09-11T10:44:01 IST" duration-ms="7661" status="PASS">
          <reporter-output>
          </reporter-output>
        </test-method> <!-- Test1 -->
        <test-method is-config="true" signature="TearDown()[pri:0, instance:testcases.SimplilearnLoginTest@6cd28fa7]" started-at="2022-09-11T10:44:01 IST" name="TearDown" finished-at="2022-09-11T10:44:03 IST" duration-ms="2408" status="PASS">
          <reporter-output>
          </reporter-output>
        </test-method> <!-- TearDown -->
        <test-method is-config="true" signature="SetUp()[pri:0, instance:testcases.SimplilearnLoginTest@6cd28fa7]" started-at="2022-09-11T10:44:03 IST" name="SetUp" finished-at="2022-09-11T10:44:05 IST" duration-ms="1558" status="PASS">
          <reporter-output>
          </reporter-output>
        </test-method> <!-- SetUp -->
        <test-method signature="Test2(java.lang.String,java.lang.String)[pri:0, instance:testcases.SimplilearnLoginTest@6cd28fa7]" started-at="2022-09-11T10:44:05 IST" name="Test2" finished-at="2022-09-11T10:44:09 IST" duration-ms="4352" status="PASS">
          <params>
            <param index="0">
              <value>
                <![CDATA[abc@xyz.com]]>
              </value>
            </param>
            <param index="1">
              <value>
                <![CDATA[Abc@1234]]>
              </value>
            </param>
          </params>
          <reporter-output>
          </reporter-output>
        </test-method> <!-- Test2 -->
        <test-method is-config="true" signature="TearDown()[pri:0, instance:testcases.SimplilearnLoginTest@6cd28fa7]" started-at="2022-09-11T10:44:09 IST" name="TearDown" finished-at="2022-09-11T10:44:11 IST" duration-ms="2426" status="PASS">
          <reporter-output>
          </reporter-output>
        </test-method> <!-- TearDown -->
        <test-method is-config="true" signature="SetUp()[pri:0, instance:testcases.SimplilearnLoginTest@6cd28fa7]" started-at="2022-09-11T10:44:11 IST" name="SetUp" finished-at="2022-09-11T10:44:13 IST" duration-ms="1525" status="PASS">
          <reporter-output>
          </reporter-output>
        </test-method> <!-- SetUp -->
        <test-method signature="Test3()[pri:0, instance:testcases.SimplilearnLoginTest@6cd28fa7]" started-at="2022-09-11T10:44:13 IST" name="Test3" finished-at="2022-09-11T10:44:18 IST" duration-ms="5254" status="PASS">
          <reporter-output>
          </reporter-output>
        </test-method> <!-- Test3 -->
        <test-method is-config="true" signature="TearDown()[pri:0, instance:testcases.SimplilearnLoginTest@6cd28fa7]" started-at="2022-09-11T10:44:18 IST" name="TearDown" finished-at="2022-09-11T10:44:21 IST" duration-ms="2427" status="PASS">
          <reporter-output>
          </reporter-output>
        </test-method> <!-- TearDown -->
        <test-method is-config="true" signature="DataClean()[pri:0, instance:testcases.SimplilearnLoginTest@6cd28fa7]" started-at="2022-09-11T10:44:21 IST" name="DataClean" finished-at="2022-09-11T10:44:21 IST" duration-ms="0" status="PASS">
          <reporter-output>
          </reporter-output>
        </test-method> <!-- DataClean -->
      </class> <!-- testcases.SimplilearnLoginTest -->
    </test> <!-- Test -->
  </suite> <!-- Suite -->
</testng-results>
